This file contains any messages produced by compilers while
running configure, to aid debugging if configure makes a mistake.

It was created by KLEE configure 1.3.0, which was
generated by GNU Autoconf 2.69.  Invocation command line was

  $ ./configure --with-stp=/home/david/tau/klee/stp-master/build --with-llvmsrc=/home/david/tau/llvm-3.4.src/ --with-llvmobj=/home/david/tau/llvm-3.4.obj/ --with-llvmcc=/home/david/tau/llvm-3.4.obj/Release+Asserts/bin/clang --with-llvmcxx=/home/david/tau/llvm-3.4.obj/Release+Asserts/bin/clang++

## --------- ##
## Platform. ##
## --------- ##

hostname = david-UX305UA
uname -m = x86_64
uname -r = 4.4.0-59-generic
uname -s = Linux
uname -v = #80-Ubuntu SMP Fri Jan 6 17:47:47 UTC 2017

/usr/bin/uname -p = unknown
/bin/uname -X     = unknown

/bin/arch              = unknown
/usr/bin/arch -k       = unknown
/usr/convex/getsysinfo = unknown
/usr/bin/hostinfo      = unknown
/bin/machine           = unknown
/usr/bin/oslevel       = unknown
/bin/universe          = unknown

PATH: /home/david/tau/llvm-3.4.obj/Release+Asserts/bin/
PATH: /home/david/bin
PATH: /home/david/.local/bin
PATH: /home/david/bin
PATH: /home/david/.local/bin
PATH: /usr/local/sbin
PATH: /usr/local/bin
PATH: /usr/sbin
PATH: /usr/bin
PATH: /sbin
PATH: /bin
PATH: /usr/games
PATH: /usr/local/games
PATH: /snap/bin
PATH: /snap/bin


## ----------- ##
## Core tests. ##
## ----------- ##

configure:2544: checking for gcc
configure:2560: found /usr/bin/gcc
configure:2571: result: gcc
configure:2602: checking for C compiler version
configure:2611: gcc --version >&5
gcc (Ubuntu 5.4.0-6ubuntu1~16.04.4) 5.4.0 20160609
Copyright (C) 2015 Free Software Foundation, Inc.
This is free software; see the source for copying conditions.  There is NO
warranty; not even for MERCHANTABILITY or FITNESS FOR A PARTICULAR PURPOSE.

configure:2622: $? = 0
configure:2611: gcc -v >&5
Using built-in specs.
COLLECT_GCC=gcc
COLLECT_LTO_WRAPPER=/usr/lib/gcc/x86_64-linux-gnu/5/lto-wrapper
Target: x86_64-linux-gnu
Configured with: ../src/configure -v --with-pkgversion='Ubuntu 5.4.0-6ubuntu1~16.04.4' --with-bugurl=file:///usr/share/doc/gcc-5/README.Bugs --enable-languages=c,ada,c++,java,go,d,fortran,objc,obj-c++ --prefix=/usr --program-suffix=-5 --enable-shared --enable-linker-build-id --libexecdir=/usr/lib --without-included-gettext --enable-threads=posix --libdir=/usr/lib --enable-nls --with-sysroot=/ --enable-clocale=gnu --enable-libstdcxx-debug --enable-libstdcxx-time=yes --with-default-libstdcxx-abi=new --enable-gnu-unique-object --disable-vtable-verify --enable-libmpx --enable-plugin --with-system-zlib --disable-browser-plugin --enable-java-awt=gtk --enable-gtk-cairo --with-java-home=/usr/lib/jvm/java-1.5.0-gcj-5-amd64/jre --enable-java-home --with-jvm-root-dir=/usr/lib/jvm/java-1.5.0-gcj-5-amd64 --with-jvm-jar-dir=/usr/lib/jvm-exports/java-1.5.0-gcj-5-amd64 --with-arch-directory=amd64 --with-ecj-jar=/usr/share/java/eclipse-ecj.jar --enable-objc-gc --enable-multiarch --disable-werror --with-arch-32=i686 --with-abi=m64 --with-multilib-list=m32,m64,mx32 --enable-multilib --with-tune=generic --enable-checking=release --build=x86_64-linux-gnu --host=x86_64-linux-gnu --target=x86_64-linux-gnu
Thread model: posix
gcc version 5.4.0 20160609 (Ubuntu 5.4.0-6ubuntu1~16.04.4) 
configure:2622: $? = 0
configure:2611: gcc -V >&5
gcc: error: unrecognized command line option '-V'
gcc: fatal error: no input files
compilation terminated.
configure:2622: $? = 1
configure:2611: gcc -qversion >&5
gcc: error: unrecognized command line option '-qversion'
gcc: fatal error: no input files
compilation terminated.
configure:2622: $? = 1
configure:2642: checking whether the C compiler works
configure:2664: gcc    conftest.c  >&5
configure:2668: $? = 0
configure:2716: result: yes
configure:2719: checking for C compiler default output file name
configure:2721: result: a.out
configure:2727: checking for suffix of executables
configure:2734: gcc -o conftest    conftest.c  >&5
configure:2738: $? = 0
configure:2760: result: 
configure:2782: checking whether we are cross compiling
configure:2790: gcc -o conftest    conftest.c  >&5
configure:2794: $? = 0
configure:2801: ./conftest
configure:2805: $? = 0
configure:2820: result: no
configure:2825: checking for suffix of object files
configure:2847: gcc -c   conftest.c >&5
configure:2851: $? = 0
configure:2872: result: o
configure:2876: checking whether we are using the GNU C compiler
configure:2895: gcc -c   conftest.c >&5
configure:2895: $? = 0
configure:2904: result: yes
configure:2913: checking whether gcc accepts -g
configure:2933: gcc -c -g  conftest.c >&5
configure:2933: $? = 0
configure:2974: result: yes
configure:2991: checking for gcc option to accept ISO C89
configure:3054: gcc  -c -g -O2  conftest.c >&5
configure:3054: $? = 0
configure:3067: result: none needed
configure:3145: checking for g++
configure:3161: found /usr/bin/g++
configure:3172: result: g++
configure:3199: checking for C++ compiler version
configure:3208: g++ --version >&5
g++ (Ubuntu 5.4.0-6ubuntu1~16.04.4) 5.4.0 20160609
Copyright (C) 2015 Free Software Foundation, Inc.
This is free software; see the source for copying conditions.  There is NO
warranty; not even for MERCHANTABILITY or FITNESS FOR A PARTICULAR PURPOSE.

configure:3219: $? = 0
configure:3208: g++ -v >&5
Using built-in specs.
COLLECT_GCC=g++
COLLECT_LTO_WRAPPER=/usr/lib/gcc/x86_64-linux-gnu/5/lto-wrapper
Target: x86_64-linux-gnu
Configured with: ../src/configure -v --with-pkgversion='Ubuntu 5.4.0-6ubuntu1~16.04.4' --with-bugurl=file:///usr/share/doc/gcc-5/README.Bugs --enable-languages=c,ada,c++,java,go,d,fortran,objc,obj-c++ --prefix=/usr --program-suffix=-5 --enable-shared --enable-linker-build-id --libexecdir=/usr/lib --without-included-gettext --enable-threads=posix --libdir=/usr/lib --enable-nls --with-sysroot=/ --enable-clocale=gnu --enable-libstdcxx-debug --enable-libstdcxx-time=yes --with-default-libstdcxx-abi=new --enable-gnu-unique-object --disable-vtable-verify --enable-libmpx --enable-plugin --with-system-zlib --disable-browser-plugin --enable-java-awt=gtk --enable-gtk-cairo --with-java-home=/usr/lib/jvm/java-1.5.0-gcj-5-amd64/jre --enable-java-home --with-jvm-root-dir=/usr/lib/jvm/java-1.5.0-gcj-5-amd64 --with-jvm-jar-dir=/usr/lib/jvm-exports/java-1.5.0-gcj-5-amd64 --with-arch-directory=amd64 --with-ecj-jar=/usr/share/java/eclipse-ecj.jar --enable-objc-gc --enable-multiarch --disable-werror --with-arch-32=i686 --with-abi=m64 --with-multilib-list=m32,m64,mx32 --enable-multilib --with-tune=generic --enable-checking=release --build=x86_64-linux-gnu --host=x86_64-linux-gnu --target=x86_64-linux-gnu
Thread model: posix
gcc version 5.4.0 20160609 (Ubuntu 5.4.0-6ubuntu1~16.04.4) 
configure:3219: $? = 0
configure:3208: g++ -V >&5
g++: error: unrecognized command line option '-V'
g++: fatal error: no input files
compilation terminated.
configure:3219: $? = 1
configure:3208: g++ -qversion >&5
g++: error: unrecognized command line option '-qversion'
g++: fatal error: no input files
compilation terminated.
configure:3219: $? = 1
configure:3223: checking whether we are using the GNU C++ compiler
configure:3242: g++ -c   conftest.cpp >&5
configure:3242: $? = 0
configure:3251: result: yes
configure:3260: checking whether g++ accepts -g
configure:3280: g++ -c -g  conftest.cpp >&5
configure:3280: $? = 0
configure:3321: result: yes
configure:3360: checking build system type
configure:3374: result: x86_64-unknown-linux-gnu
configure:3394: checking host system type
configure:3407: result: x86_64-unknown-linux-gnu
configure:3427: checking target system type
configure:3440: result: x86_64-unknown-linux-gnu
configure:3467: checking type of operating system we're going to host on
configure:3479: result: 
configure:3490: checking llvm source dir
configure:3531: result: /home/david/tau/llvm-3.4.src
configure:3534: checking llvm obj dir
configure:3536: result: /home/david/tau/llvm-3.4.obj
configure:3544: checking llvm package version
configure:3547: result: 3.4
configure:3552: checking llvm version major
configure:3555: result: 3
configure:3558: checking llvm version minor
configure:3561: result: 4
configure:3564: checking llvm is release version
configure:3572: result: 1
configure:3613: checking if LLVM needs C++11
configure:3620: result: no
configure:3662: checking llvm build mode
configure:3681: result: Release+Asserts
configure:3686: checking llvm has asserts enabled
configure:3698: result: 1
configure:3702: checking LLVM Bitcode compiler
configure:3945: result: Using user supplied LLVM bitcode compilers.
configure:3949: result: Using C llvm compiler : /home/david/tau/llvm-3.4.obj/Release+Asserts/bin/clang
configure:3951: result: Using C++ llvm compiler : /home/david/tau/llvm-3.4.obj/Release+Asserts/bin/clang++
configure:3957: checking C LLVM Bitcode compiler works
configure:3979: result: Success
configure:3957: checking CXX LLVM Bitcode compiler works
configure:3979: result: Success
configure:4015: Source timestamping disabled.
configure:4028: checking uclibc
configure:4061: result: no
configure:4077: checking POSIX runtime
configure:4091: result: default (disabled, no uclibc)
configure:4125: checking runtime configuration
configure:4137: result: Release+Asserts
configure:4198: checking how to run the C preprocessor
configure:4229: gcc -E  conftest.c
configure:4229: $? = 0
configure:4243: gcc -E  conftest.c
conftest.c:15:28: fatal error: ac_nonexistent.h: No such file or directory
compilation terminated.
configure:4243: $? = 1
configure: failed program was:
| /* confdefs.h */
| #define PACKAGE_NAME "KLEE"
| #define PACKAGE_TARNAME "klee-"
| #define PACKAGE_VERSION "1.3.0"
| #define PACKAGE_STRING "KLEE 1.3.0"
| #define PACKAGE_BUGREPORT "klee-dev@imperial.ac.uk"
| #define PACKAGE_URL "https://klee.github.io"
| #define LLVM_VERSION_MAJOR 3
| #define LLVM_VERSION_MINOR 4
| #define LLVM_IS_RELEASE 1
| #define ENABLE_KLEE_DEBUG 1
| #define RUNTIME_CONFIGURATION "Release+Asserts"
| #define HAVE_CTYPE_EXTERNALS 1
| /* end confdefs.h.  */
| #include <ac_nonexistent.h>
configure:4268: result: gcc -E
configure:4288: gcc -E  conftest.c
configure:4288: $? = 0
configure:4302: gcc -E  conftest.c
conftest.c:15:28: fatal error: ac_nonexistent.h: No such file or directory
compilation terminated.
configure:4302: $? = 1
configure: failed program was:
| /* confdefs.h */
| #define PACKAGE_NAME "KLEE"
| #define PACKAGE_TARNAME "klee-"
| #define PACKAGE_VERSION "1.3.0"
| #define PACKAGE_STRING "KLEE 1.3.0"
| #define PACKAGE_BUGREPORT "klee-dev@imperial.ac.uk"
| #define PACKAGE_URL "https://klee.github.io"
| #define LLVM_VERSION_MAJOR 3
| #define LLVM_VERSION_MINOR 4
| #define LLVM_IS_RELEASE 1
| #define ENABLE_KLEE_DEBUG 1
| #define RUNTIME_CONFIGURATION "Release+Asserts"
| #define HAVE_CTYPE_EXTERNALS 1
| /* end confdefs.h.  */
| #include <ac_nonexistent.h>
configure:4331: checking for grep that handles long lines and -e
configure:4389: result: /bin/grep
configure:4394: checking for egrep
configure:4456: result: /bin/grep -E
configure:4461: checking for ANSI C header files
configure:4481: gcc -c -g -O2  conftest.c >&5
configure:4481: $? = 0
configure:4554: gcc -o conftest -g -O2   conftest.c  >&5
configure:4554: $? = 0
configure:4554: ./conftest
configure:4554: $? = 0
configure:4565: result: yes
configure:4578: checking for sys/types.h
configure:4578: gcc -c -g -O2  conftest.c >&5
configure:4578: $? = 0
configure:4578: result: yes
configure:4578: checking for sys/stat.h
configure:4578: gcc -c -g -O2  conftest.c >&5
configure:4578: $? = 0
configure:4578: result: yes
configure:4578: checking for stdlib.h
configure:4578: gcc -c -g -O2  conftest.c >&5
configure:4578: $? = 0
configure:4578: result: yes
configure:4578: checking for string.h
configure:4578: gcc -c -g -O2  conftest.c >&5
configure:4578: $? = 0
configure:4578: result: yes
configure:4578: checking for memory.h
configure:4578: gcc -c -g -O2  conftest.c >&5
configure:4578: $? = 0
configure:4578: result: yes
configure:4578: checking for strings.h
configure:4578: gcc -c -g -O2  conftest.c >&5
configure:4578: $? = 0
configure:4578: result: yes
configure:4578: checking for inttypes.h
configure:4578: gcc -c -g -O2  conftest.c >&5
configure:4578: $? = 0
configure:4578: result: yes
configure:4578: checking for stdint.h
configure:4578: gcc -c -g -O2  conftest.c >&5
configure:4578: $? = 0
configure:4578: result: yes
configure:4578: checking for unistd.h
configure:4578: gcc -c -g -O2  conftest.c >&5
configure:4578: $? = 0
configure:4578: result: yes
configure:4592: checking sys/acl.h usability
configure:4592: gcc -c -g -O2  conftest.c >&5
conftest.c:58:21: fatal error: sys/acl.h: No such file or directory
compilation terminated.
configure:4592: $? = 1
configure: failed program was:
| /* confdefs.h */
| #define PACKAGE_NAME "KLEE"
| #define PACKAGE_TARNAME "klee-"
| #define PACKAGE_VERSION "1.3.0"
| #define PACKAGE_STRING "KLEE 1.3.0"
| #define PACKAGE_BUGREPORT "klee-dev@imperial.ac.uk"
| #define PACKAGE_URL "https://klee.github.io"
| #define LLVM_VERSION_MAJOR 3
| #define LLVM_VERSION_MINOR 4
| #define LLVM_IS_RELEASE 1
| #define ENABLE_KLEE_DEBUG 1
| #define RUNTIME_CONFIGURATION "Release+Asserts"
| #define HAVE_CTYPE_EXTERNALS 1
| #define STDC_HEADERS 1
| #define HAVE_SYS_TYPES_H 1
| #define HAVE_SYS_STAT_H 1
| #define HAVE_STDLIB_H 1
| #define HAVE_STRING_H 1
| #define HAVE_MEMORY_H 1
| #define HAVE_STRINGS_H 1
| #define HAVE_INTTYPES_H 1
| #define HAVE_STDINT_H 1
| #define HAVE_UNISTD_H 1
| /* end confdefs.h.  */
| #include <stdio.h>
| #ifdef HAVE_SYS_TYPES_H
| # include <sys/types.h>
| #endif
| #ifdef HAVE_SYS_STAT_H
| # include <sys/stat.h>
| #endif
| #ifdef STDC_HEADERS
| # include <stdlib.h>
| # include <stddef.h>
| #else
| # ifdef HAVE_STDLIB_H
| #  include <stdlib.h>
| # endif
| #endif
| #ifdef HAVE_STRING_H
| # if !defined STDC_HEADERS && defined HAVE_MEMORY_H
| #  include <memory.h>
| # endif
| # include <string.h>
| #endif
| #ifdef HAVE_STRINGS_H
| # include <strings.h>
| #endif
| #ifdef HAVE_INTTYPES_H
| # include <inttypes.h>
| #endif
| #ifdef HAVE_STDINT_H
| # include <stdint.h>
| #endif
| #ifdef HAVE_UNISTD_H
| # include <unistd.h>
| #endif
| #include <sys/acl.h>
configure:4592: result: no
configure:4592: checking sys/acl.h presence
configure:4592: gcc -E  conftest.c
conftest.c:25:21: fatal error: sys/acl.h: No such file or directory
compilation terminated.
configure:4592: $? = 1
configure: failed program was:
| /* confdefs.h */
| #define PACKAGE_NAME "KLEE"
| #define PACKAGE_TARNAME "klee-"
| #define PACKAGE_VERSION "1.3.0"
| #define PACKAGE_STRING "KLEE 1.3.0"
| #define PACKAGE_BUGREPORT "klee-dev@imperial.ac.uk"
| #define PACKAGE_URL "https://klee.github.io"
| #define LLVM_VERSION_MAJOR 3
| #define LLVM_VERSION_MINOR 4
| #define LLVM_IS_RELEASE 1
| #define ENABLE_KLEE_DEBUG 1
| #define RUNTIME_CONFIGURATION "Release+Asserts"
| #define HAVE_CTYPE_EXTERNALS 1
| #define STDC_HEADERS 1
| #define HAVE_SYS_TYPES_H 1
| #define HAVE_SYS_STAT_H 1
| #define HAVE_STDLIB_H 1
| #define HAVE_STRING_H 1
| #define HAVE_MEMORY_H 1
| #define HAVE_STRINGS_H 1
| #define HAVE_INTTYPES_H 1
| #define HAVE_STDINT_H 1
| #define HAVE_UNISTD_H 1
| /* end confdefs.h.  */
| #include <sys/acl.h>
configure:4592: result: no
configure:4592: checking for sys/acl.h
configure:4592: result: no
configure:4603: checking for cap_get_proc in -lcap
configure:4628: gcc -o conftest -g -O2   conftest.c -lcap   >&5
configure:4628: $? = 0
configure:4637: result: yes
configure:4648: checking sys/capability.h usability
configure:4648: gcc -c -g -O2  conftest.c >&5
configure:4648: $? = 0
configure:4648: result: yes
configure:4648: checking sys/capability.h presence
configure:4648: gcc -E  conftest.c
configure:4648: $? = 0
configure:4648: result: yes
configure:4648: checking for sys/capability.h
configure:4648: result: yes
configure:4670: checking selinux/selinux.h usability
configure:4670: gcc -c -g -O2  conftest.c >&5
conftest.c:59:29: fatal error: selinux/selinux.h: No such file or directory
compilation terminated.
configure:4670: $? = 1
configure: failed program was:
| /* confdefs.h */
| #define PACKAGE_NAME "KLEE"
| #define PACKAGE_TARNAME "klee-"
| #define PACKAGE_VERSION "1.3.0"
| #define PACKAGE_STRING "KLEE 1.3.0"
| #define PACKAGE_BUGREPORT "klee-dev@imperial.ac.uk"
| #define PACKAGE_URL "https://klee.github.io"
| #define LLVM_VERSION_MAJOR 3
| #define LLVM_VERSION_MINOR 4
| #define LLVM_IS_RELEASE 1
| #define ENABLE_KLEE_DEBUG 1
| #define RUNTIME_CONFIGURATION "Release+Asserts"
| #define HAVE_CTYPE_EXTERNALS 1
| #define STDC_HEADERS 1
| #define HAVE_SYS_TYPES_H 1
| #define HAVE_SYS_STAT_H 1
| #define HAVE_STDLIB_H 1
| #define HAVE_STRING_H 1
| #define HAVE_MEMORY_H 1
| #define HAVE_STRINGS_H 1
| #define HAVE_INTTYPES_H 1
| #define HAVE_STDINT_H 1
| #define HAVE_UNISTD_H 1
| #define HAVE_SYS_CAPABILITY_H 1
| /* end confdefs.h.  */
| #include <stdio.h>
| #ifdef HAVE_SYS_TYPES_H
| # include <sys/types.h>
| #endif
| #ifdef HAVE_SYS_STAT_H
| # include <sys/stat.h>
| #endif
| #ifdef STDC_HEADERS
| # include <stdlib.h>
| # include <stddef.h>
| #else
| # ifdef HAVE_STDLIB_H
| #  include <stdlib.h>
| # endif
| #endif
| #ifdef HAVE_STRING_H
| # if !defined STDC_HEADERS && defined HAVE_MEMORY_H
| #  include <memory.h>
| # endif
| # include <string.h>
| #endif
| #ifdef HAVE_STRINGS_H
| # include <strings.h>
| #endif
| #ifdef HAVE_INTTYPES_H
| # include <inttypes.h>
| #endif
| #ifdef HAVE_STDINT_H
| # include <stdint.h>
| #endif
| #ifdef HAVE_UNISTD_H
| # include <unistd.h>
| #endif
| #include <selinux/selinux.h>
configure:4670: result: no
configure:4670: checking selinux/selinux.h presence
configure:4670: gcc -E  conftest.c
conftest.c:26:29: fatal error: selinux/selinux.h: No such file or directory
compilation terminated.
configure:4670: $? = 1
configure: failed program was:
| /* confdefs.h */
| #define PACKAGE_NAME "KLEE"
| #define PACKAGE_TARNAME "klee-"
| #define PACKAGE_VERSION "1.3.0"
| #define PACKAGE_STRING "KLEE 1.3.0"
| #define PACKAGE_BUGREPORT "klee-dev@imperial.ac.uk"
| #define PACKAGE_URL "https://klee.github.io"
| #define LLVM_VERSION_MAJOR 3
| #define LLVM_VERSION_MINOR 4
| #define LLVM_IS_RELEASE 1
| #define ENABLE_KLEE_DEBUG 1
| #define RUNTIME_CONFIGURATION "Release+Asserts"
| #define HAVE_CTYPE_EXTERNALS 1
| #define STDC_HEADERS 1
| #define HAVE_SYS_TYPES_H 1
| #define HAVE_SYS_STAT_H 1
| #define HAVE_STDLIB_H 1
| #define HAVE_STRING_H 1
| #define HAVE_MEMORY_H 1
| #define HAVE_STRINGS_H 1
| #define HAVE_INTTYPES_H 1
| #define HAVE_STDINT_H 1
| #define HAVE_UNISTD_H 1
| #define HAVE_SYS_CAPABILITY_H 1
| /* end confdefs.h.  */
| #include <selinux/selinux.h>
configure:4670: result: no
configure:4670: checking for selinux/selinux.h
configure:4670: result: no
configure:4738: checking how to run the C++ preprocessor
configure:4765: g++ -E  conftest.cpp
configure:4765: $? = 0
configure:4779: g++ -E  conftest.cpp
conftest.cpp:26:28: fatal error: ac_nonexistent.h: No such file or directory
compilation terminated.
configure:4779: $? = 1
configure: failed program was:
| /* confdefs.h */
| #define PACKAGE_NAME "KLEE"
| #define PACKAGE_TARNAME "klee-"
| #define PACKAGE_VERSION "1.3.0"
| #define PACKAGE_STRING "KLEE 1.3.0"
| #define PACKAGE_BUGREPORT "klee-dev@imperial.ac.uk"
| #define PACKAGE_URL "https://klee.github.io"
| #define LLVM_VERSION_MAJOR 3
| #define LLVM_VERSION_MINOR 4
| #define LLVM_IS_RELEASE 1
| #define ENABLE_KLEE_DEBUG 1
| #define RUNTIME_CONFIGURATION "Release+Asserts"
| #define HAVE_CTYPE_EXTERNALS 1
| #define STDC_HEADERS 1
| #define HAVE_SYS_TYPES_H 1
| #define HAVE_SYS_STAT_H 1
| #define HAVE_STDLIB_H 1
| #define HAVE_STRING_H 1
| #define HAVE_MEMORY_H 1
| #define HAVE_STRINGS_H 1
| #define HAVE_INTTYPES_H 1
| #define HAVE_STDINT_H 1
| #define HAVE_UNISTD_H 1
| #define HAVE_SYS_CAPABILITY_H 1
| /* end confdefs.h.  */
| #include <ac_nonexistent.h>
configure:4804: result: g++ -E
configure:4824: g++ -E  conftest.cpp
configure:4824: $? = 0
configure:4838: g++ -E  conftest.cpp
conftest.cpp:26:28: fatal error: ac_nonexistent.h: No such file or directory
compilation terminated.
configure:4838: $? = 1
configure: failed program was:
| /* confdefs.h */
| #define PACKAGE_NAME "KLEE"
| #define PACKAGE_TARNAME "klee-"
| #define PACKAGE_VERSION "1.3.0"
| #define PACKAGE_STRING "KLEE 1.3.0"
| #define PACKAGE_BUGREPORT "klee-dev@imperial.ac.uk"
| #define PACKAGE_URL "https://klee.github.io"
| #define LLVM_VERSION_MAJOR 3
| #define LLVM_VERSION_MINOR 4
| #define LLVM_IS_RELEASE 1
| #define ENABLE_KLEE_DEBUG 1
| #define RUNTIME_CONFIGURATION "Release+Asserts"
| #define HAVE_CTYPE_EXTERNALS 1
| #define STDC_HEADERS 1
| #define HAVE_SYS_TYPES_H 1
| #define HAVE_SYS_STAT_H 1
| #define HAVE_STDLIB_H 1
| #define HAVE_STRING_H 1
| #define HAVE_MEMORY_H 1
| #define HAVE_STRINGS_H 1
| #define HAVE_INTTYPES_H 1
| #define HAVE_STDINT_H 1
| #define HAVE_UNISTD_H 1
| #define HAVE_SYS_CAPABILITY_H 1
| /* end confdefs.h.  */
| #include <ac_nonexistent.h>
configure:4869: checking malloc/malloc.h usability
configure:4869: g++ -c -g -O2  conftest.cpp >&5
conftest.cpp:59:27: fatal error: malloc/malloc.h: No such file or directory
compilation terminated.
configure:4869: $? = 1
configure: failed program was:
| /* confdefs.h */
| #define PACKAGE_NAME "KLEE"
| #define PACKAGE_TARNAME "klee-"
| #define PACKAGE_VERSION "1.3.0"
| #define PACKAGE_STRING "KLEE 1.3.0"
| #define PACKAGE_BUGREPORT "klee-dev@imperial.ac.uk"
| #define PACKAGE_URL "https://klee.github.io"
| #define LLVM_VERSION_MAJOR 3
| #define LLVM_VERSION_MINOR 4
| #define LLVM_IS_RELEASE 1
| #define ENABLE_KLEE_DEBUG 1
| #define RUNTIME_CONFIGURATION "Release+Asserts"
| #define HAVE_CTYPE_EXTERNALS 1
| #define STDC_HEADERS 1
| #define HAVE_SYS_TYPES_H 1
| #define HAVE_SYS_STAT_H 1
| #define HAVE_STDLIB_H 1
| #define HAVE_STRING_H 1
| #define HAVE_MEMORY_H 1
| #define HAVE_STRINGS_H 1
| #define HAVE_INTTYPES_H 1
| #define HAVE_STDINT_H 1
| #define HAVE_UNISTD_H 1
| #define HAVE_SYS_CAPABILITY_H 1
| /* end confdefs.h.  */
| #include <stdio.h>
| #ifdef HAVE_SYS_TYPES_H
| # include <sys/types.h>
| #endif
| #ifdef HAVE_SYS_STAT_H
| # include <sys/stat.h>
| #endif
| #ifdef STDC_HEADERS
| # include <stdlib.h>
| # include <stddef.h>
| #else
| # ifdef HAVE_STDLIB_H
| #  include <stdlib.h>
| # endif
| #endif
| #ifdef HAVE_STRING_H
| # if !defined STDC_HEADERS && defined HAVE_MEMORY_H
| #  include <memory.h>
| # endif
| # include <string.h>
| #endif
| #ifdef HAVE_STRINGS_H
| # include <strings.h>
| #endif
| #ifdef HAVE_INTTYPES_H
| # include <inttypes.h>
| #endif
| #ifdef HAVE_STDINT_H
| # include <stdint.h>
| #endif
| #ifdef HAVE_UNISTD_H
| # include <unistd.h>
| #endif
| #include <malloc/malloc.h>
configure:4869: result: no
configure:4869: checking malloc/malloc.h presence
configure:4869: g++ -E  conftest.cpp
conftest.cpp:26:27: fatal error: malloc/malloc.h: No such file or directory
compilation terminated.
configure:4869: $? = 1
configure: failed program was:
| /* confdefs.h */
| #define PACKAGE_NAME "KLEE"
| #define PACKAGE_TARNAME "klee-"
| #define PACKAGE_VERSION "1.3.0"
| #define PACKAGE_STRING "KLEE 1.3.0"
| #define PACKAGE_BUGREPORT "klee-dev@imperial.ac.uk"
| #define PACKAGE_URL "https://klee.github.io"
| #define LLVM_VERSION_MAJOR 3
| #define LLVM_VERSION_MINOR 4
| #define LLVM_IS_RELEASE 1
| #define ENABLE_KLEE_DEBUG 1
| #define RUNTIME_CONFIGURATION "Release+Asserts"
| #define HAVE_CTYPE_EXTERNALS 1
| #define STDC_HEADERS 1
| #define HAVE_SYS_TYPES_H 1
| #define HAVE_SYS_STAT_H 1
| #define HAVE_STDLIB_H 1
| #define HAVE_STRING_H 1
| #define HAVE_MEMORY_H 1
| #define HAVE_STRINGS_H 1
| #define HAVE_INTTYPES_H 1
| #define HAVE_STDINT_H 1
| #define HAVE_UNISTD_H 1
| #define HAVE_SYS_CAPABILITY_H 1
| /* end confdefs.h.  */
| #include <malloc/malloc.h>
configure:4869: result: no
configure:4869: checking for malloc/malloc.h
configure:4869: result: no
configure:4881: checking for malloc_zone_statistics
configure:4881: g++ -o conftest -g -O2   conftest.cpp  >&5
/tmp/ccGFbN5u.o: In function `main':
/home/david/tau/klee/klee/conftest.cpp:60: undefined reference to `malloc_zone_statistics'
collect2: error: ld returned 1 exit status
configure:4881: $? = 1
configure: failed program was:
| /* confdefs.h */
| #define PACKAGE_NAME "KLEE"
| #define PACKAGE_TARNAME "klee-"
| #define PACKAGE_VERSION "1.3.0"
| #define PACKAGE_STRING "KLEE 1.3.0"
| #define PACKAGE_BUGREPORT "klee-dev@imperial.ac.uk"
| #define PACKAGE_URL "https://klee.github.io"
| #define LLVM_VERSION_MAJOR 3
| #define LLVM_VERSION_MINOR 4
| #define LLVM_IS_RELEASE 1
| #define ENABLE_KLEE_DEBUG 1
| #define RUNTIME_CONFIGURATION "Release+Asserts"
| #define HAVE_CTYPE_EXTERNALS 1
| #define STDC_HEADERS 1
| #define HAVE_SYS_TYPES_H 1
| #define HAVE_SYS_STAT_H 1
| #define HAVE_STDLIB_H 1
| #define HAVE_STRING_H 1
| #define HAVE_MEMORY_H 1
| #define HAVE_STRINGS_H 1
| #define HAVE_INTTYPES_H 1
| #define HAVE_STDINT_H 1
| #define HAVE_UNISTD_H 1
| #define HAVE_SYS_CAPABILITY_H 1
| /* end confdefs.h.  */
| /* Define malloc_zone_statistics to an innocuous variant, in case <limits.h> declares malloc_zone_statistics.
|    For example, HP-UX 11i <limits.h> declares gettimeofday.  */
| #define malloc_zone_statistics innocuous_malloc_zone_statistics
| 
| /* System header to define __stub macros and hopefully few prototypes,
|     which can conflict with char malloc_zone_statistics (); below.
|     Prefer <limits.h> to <assert.h> if __STDC__ is defined, since
|     <limits.h> exists even on freestanding compilers.  */
| 
| #ifdef __STDC__
| # include <limits.h>
| #else
| # include <assert.h>
| #endif
| 
| #undef malloc_zone_statistics
| 
| /* Override any GCC internal prototype to avoid an error.
|    Use char because int might match the return type of a GCC
|    builtin and then its argument prototype would still apply.  */
| #ifdef __cplusplus
| extern "C"
| #endif
| char malloc_zone_statistics ();
| /* The GNU C library defines this for functions which it implements
|     to always fail with ENOSYS.  Some functions are actually named
|     something starting with __ and the normal name is an alias.  */
| #if defined __stub_malloc_zone_statistics || defined __stub___malloc_zone_statistics
| choke me
| #endif
| 
| int
| main ()
| {
| return malloc_zone_statistics ();
|   ;
|   return 0;
| }
configure:4881: result: no
configure:4890: checking for library containing mallinfo
configure:4921: g++ -o conftest -g -O2   conftest.cpp  >&5
configure:4921: $? = 0
configure:4938: result: none required
configure:4960: checking gperftools/malloc_extension.h usability
configure:4960: g++ -c -g -O2  conftest.cpp >&5
conftest.cpp:60:41: fatal error: gperftools/malloc_extension.h: No such file or directory
compilation terminated.
configure:4960: $? = 1
configure: failed program was:
| /* confdefs.h */
| #define PACKAGE_NAME "KLEE"
| #define PACKAGE_TARNAME "klee-"
| #define PACKAGE_VERSION "1.3.0"
| #define PACKAGE_STRING "KLEE 1.3.0"
| #define PACKAGE_BUGREPORT "klee-dev@imperial.ac.uk"
| #define PACKAGE_URL "https://klee.github.io"
| #define LLVM_VERSION_MAJOR 3
| #define LLVM_VERSION_MINOR 4
| #define LLVM_IS_RELEASE 1
| #define ENABLE_KLEE_DEBUG 1
| #define RUNTIME_CONFIGURATION "Release+Asserts"
| #define HAVE_CTYPE_EXTERNALS 1
| #define STDC_HEADERS 1
| #define HAVE_SYS_TYPES_H 1
| #define HAVE_SYS_STAT_H 1
| #define HAVE_STDLIB_H 1
| #define HAVE_STRING_H 1
| #define HAVE_MEMORY_H 1
| #define HAVE_STRINGS_H 1
| #define HAVE_INTTYPES_H 1
| #define HAVE_STDINT_H 1
| #define HAVE_UNISTD_H 1
| #define HAVE_SYS_CAPABILITY_H 1
| #define HAVE_MALLINFO 1
| /* end confdefs.h.  */
| #include <stdio.h>
| #ifdef HAVE_SYS_TYPES_H
| # include <sys/types.h>
| #endif
| #ifdef HAVE_SYS_STAT_H
| # include <sys/stat.h>
| #endif
| #ifdef STDC_HEADERS
| # include <stdlib.h>
| # include <stddef.h>
| #else
| # ifdef HAVE_STDLIB_H
| #  include <stdlib.h>
| # endif
| #endif
| #ifdef HAVE_STRING_H
| # if !defined STDC_HEADERS && defined HAVE_MEMORY_H
| #  include <memory.h>
| # endif
| # include <string.h>
| #endif
| #ifdef HAVE_STRINGS_H
| # include <strings.h>
| #endif
| #ifdef HAVE_INTTYPES_H
| # include <inttypes.h>
| #endif
| #ifdef HAVE_STDINT_H
| # include <stdint.h>
| #endif
| #ifdef HAVE_UNISTD_H
| # include <unistd.h>
| #endif
| #include <gperftools/malloc_extension.h>
configure:4960: result: no
configure:4960: checking gperftools/malloc_extension.h presence
configure:4960: g++ -E  conftest.cpp
conftest.cpp:27:41: fatal error: gperftools/malloc_extension.h: No such file or directory
compilation terminated.
configure:4960: $? = 1
configure: failed program was:
| /* confdefs.h */
| #define PACKAGE_NAME "KLEE"
| #define PACKAGE_TARNAME "klee-"
| #define PACKAGE_VERSION "1.3.0"
| #define PACKAGE_STRING "KLEE 1.3.0"
| #define PACKAGE_BUGREPORT "klee-dev@imperial.ac.uk"
| #define PACKAGE_URL "https://klee.github.io"
| #define LLVM_VERSION_MAJOR 3
| #define LLVM_VERSION_MINOR 4
| #define LLVM_IS_RELEASE 1
| #define ENABLE_KLEE_DEBUG 1
| #define RUNTIME_CONFIGURATION "Release+Asserts"
| #define HAVE_CTYPE_EXTERNALS 1
| #define STDC_HEADERS 1
| #define HAVE_SYS_TYPES_H 1
| #define HAVE_SYS_STAT_H 1
| #define HAVE_STDLIB_H 1
| #define HAVE_STRING_H 1
| #define HAVE_MEMORY_H 1
| #define HAVE_STRINGS_H 1
| #define HAVE_INTTYPES_H 1
| #define HAVE_STDINT_H 1
| #define HAVE_UNISTD_H 1
| #define HAVE_SYS_CAPABILITY_H 1
| #define HAVE_MALLINFO 1
| /* end confdefs.h.  */
| #include <gperftools/malloc_extension.h>
configure:4960: result: no
configure:4960: checking for gperftools/malloc_extension.h
configure:4960: result: no
configure:5073: checking zlib.h usability
configure:5073: g++ -c -g -O2  conftest.cpp >&5
configure:5073: $? = 0
configure:5073: result: yes
configure:5073: checking zlib.h presence
configure:5073: g++ -E  conftest.cpp
configure:5073: $? = 0
configure:5073: result: yes
configure:5073: checking for zlib.h
configure:5073: result: yes
configure:5091: checking for library containing deflateEnd
configure:5122: g++ -o conftest -g -O2   conftest.cpp  >&5
/tmp/cc4MjSxH.o: In function `main':
/home/david/tau/klee/klee/conftest.cpp:39: undefined reference to `deflateEnd'
collect2: error: ld returned 1 exit status
configure:5122: $? = 1
configure: failed program was:
| /* confdefs.h */
| #define PACKAGE_NAME "KLEE"
| #define PACKAGE_TARNAME "klee-"
| #define PACKAGE_VERSION "1.3.0"
| #define PACKAGE_STRING "KLEE 1.3.0"
| #define PACKAGE_BUGREPORT "klee-dev@imperial.ac.uk"
| #define PACKAGE_URL "https://klee.github.io"
| #define LLVM_VERSION_MAJOR 3
| #define LLVM_VERSION_MINOR 4
| #define LLVM_IS_RELEASE 1
| #define ENABLE_KLEE_DEBUG 1
| #define RUNTIME_CONFIGURATION "Release+Asserts"
| #define HAVE_CTYPE_EXTERNALS 1
| #define STDC_HEADERS 1
| #define HAVE_SYS_TYPES_H 1
| #define HAVE_SYS_STAT_H 1
| #define HAVE_STDLIB_H 1
| #define HAVE_STRING_H 1
| #define HAVE_MEMORY_H 1
| #define HAVE_STRINGS_H 1
| #define HAVE_INTTYPES_H 1
| #define HAVE_STDINT_H 1
| #define HAVE_UNISTD_H 1
| #define HAVE_SYS_CAPABILITY_H 1
| #define HAVE_MALLINFO 1
| #define HAVE_ZLIB_H 1
| /* end confdefs.h.  */
| 
| /* Override any GCC internal prototype to avoid an error.
|    Use char because int might match the return type of a GCC
|    builtin and then its argument prototype would still apply.  */
| #ifdef __cplusplus
| extern "C"
| #endif
| char deflateEnd ();
| int
| main ()
| {
| return deflateEnd ();
|   ;
|   return 0;
| }
configure:5122: g++ -o conftest -g -O2   conftest.cpp -lz   >&5
configure:5122: $? = 0
configure:5139: result: -lz
configure:5202: checking stp/c_interface.h usability
configure:5202: g++ -c -g -O2  -I/home/david/tau/klee/stp-master/build/include conftest.cpp >&5
configure:5202: $? = 0
configure:5202: result: yes
configure:5202: checking stp/c_interface.h presence
configure:5202: g++ -E  -I/home/david/tau/klee/stp-master/build/include conftest.cpp
configure:5202: $? = 0
configure:5202: result: yes
configure:5202: checking for stp/c_interface.h
configure:5202: result: yes
configure:5214: checking for vc_setInterfaceFlags in -lstp
configure:5239: g++ -o conftest -g -O2  -I/home/david/tau/klee/stp-master/build/include  conftest.cpp -lstp -L/home/david/tau/klee/stp-master/build/lib -lz  >&5
/usr/bin/ld: skipping incompatible /home/david/tau/klee/stp-master/build/lib/libstp.so when searching for -lstp
/usr/bin/ld: cannot find -lstp
collect2: error: ld returned 1 exit status
configure:5239: $? = 1
configure: failed program was:
| /* confdefs.h */
| #define PACKAGE_NAME "KLEE"
| #define PACKAGE_TARNAME "klee-"
| #define PACKAGE_VERSION "1.3.0"
| #define PACKAGE_STRING "KLEE 1.3.0"
| #define PACKAGE_BUGREPORT "klee-dev@imperial.ac.uk"
| #define PACKAGE_URL "https://klee.github.io"
| #define LLVM_VERSION_MAJOR 3
| #define LLVM_VERSION_MINOR 4
| #define LLVM_IS_RELEASE 1
| #define ENABLE_KLEE_DEBUG 1
| #define RUNTIME_CONFIGURATION "Release+Asserts"
| #define HAVE_CTYPE_EXTERNALS 1
| #define STDC_HEADERS 1
| #define HAVE_SYS_TYPES_H 1
| #define HAVE_SYS_STAT_H 1
| #define HAVE_STDLIB_H 1
| #define HAVE_STRING_H 1
| #define HAVE_MEMORY_H 1
| #define HAVE_STRINGS_H 1
| #define HAVE_INTTYPES_H 1
| #define HAVE_STDINT_H 1
| #define HAVE_UNISTD_H 1
| #define HAVE_SYS_CAPABILITY_H 1
| #define HAVE_MALLINFO 1
| #define HAVE_ZLIB_H 1
| /* end confdefs.h.  */
| 
| /* Override any GCC internal prototype to avoid an error.
|    Use char because int might match the return type of a GCC
|    builtin and then its argument prototype would still apply.  */
| #ifdef __cplusplus
| extern "C"
| #endif
| char vc_setInterfaceFlags ();
| int
| main ()
| {
| return vc_setInterfaceFlags ();
|   ;
|   return 0;
| }
configure:5248: result: no
configure:5254: result: Could not link with libstp
configure:5265: checking for vc_setInterfaceFlags in -lstp
configure:5290: g++ -o conftest -g -O2   conftest.cpp -lstp -L/home/david/tau/klee/stp-master/build/lib -lminisat  -lz  >&5
/usr/bin/ld: skipping incompatible /home/david/tau/klee/stp-master/build/lib/libstp.so when searching for -lstp
/usr/bin/ld: cannot find -lstp
/usr/bin/ld: cannot find -lminisat
collect2: error: ld returned 1 exit status
configure:5290: $? = 1
configure: failed program was:
| /* confdefs.h */
| #define PACKAGE_NAME "KLEE"
| #define PACKAGE_TARNAME "klee-"
| #define PACKAGE_VERSION "1.3.0"
| #define PACKAGE_STRING "KLEE 1.3.0"
| #define PACKAGE_BUGREPORT "klee-dev@imperial.ac.uk"
| #define PACKAGE_URL "https://klee.github.io"
| #define LLVM_VERSION_MAJOR 3
| #define LLVM_VERSION_MINOR 4
| #define LLVM_IS_RELEASE 1
| #define ENABLE_KLEE_DEBUG 1
| #define RUNTIME_CONFIGURATION "Release+Asserts"
| #define HAVE_CTYPE_EXTERNALS 1
| #define STDC_HEADERS 1
| #define HAVE_SYS_TYPES_H 1
| #define HAVE_SYS_STAT_H 1
| #define HAVE_STDLIB_H 1
| #define HAVE_STRING_H 1
| #define HAVE_MEMORY_H 1
| #define HAVE_STRINGS_H 1
| #define HAVE_INTTYPES_H 1
| #define HAVE_STDINT_H 1
| #define HAVE_UNISTD_H 1
| #define HAVE_SYS_CAPABILITY_H 1
| #define HAVE_MALLINFO 1
| #define HAVE_ZLIB_H 1
| /* end confdefs.h.  */
| 
| /* Override any GCC internal prototype to avoid an error.
|    Use char because int might match the return type of a GCC
|    builtin and then its argument prototype would still apply.  */
| #ifdef __cplusplus
| extern "C"
| #endif
| char vc_setInterfaceFlags ();
| int
| main ()
| {
| return vc_setInterfaceFlags ();
|   ;
|   return 0;
| }
configure:5299: result: no
configure:5305: error: Unable to link with libstp. Check config.log to see what went wrong

## ---------------- ##
## Cache variables. ##
## ---------------- ##

ac_cv_build=x86_64-unknown-linux-gnu
ac_cv_c_compiler_gnu=yes
ac_cv_cxx_compiler_gnu=yes
ac_cv_env_CCC_set=
ac_cv_env_CCC_value=
ac_cv_env_CC_set=
ac_cv_env_CC_value=
ac_cv_env_CFLAGS_set=
ac_cv_env_CFLAGS_value=
ac_cv_env_CPPFLAGS_set=
ac_cv_env_CPPFLAGS_value=
ac_cv_env_CPP_set=
ac_cv_env_CPP_value=
ac_cv_env_CXXCPP_set=
ac_cv_env_CXXCPP_value=
ac_cv_env_CXXFLAGS_set=
ac_cv_env_CXXFLAGS_value=
ac_cv_env_CXX_set=
ac_cv_env_CXX_value=
ac_cv_env_LDFLAGS_set=
ac_cv_env_LDFLAGS_value=
ac_cv_env_LIBS_set=
ac_cv_env_LIBS_value=
ac_cv_env_build_alias_set=
ac_cv_env_build_alias_value=
ac_cv_env_host_alias_set=
ac_cv_env_host_alias_value=
ac_cv_env_target_alias_set=
ac_cv_env_target_alias_value=
ac_cv_func_malloc_zone_statistics=no
ac_cv_header_gperftools_malloc_extension_h=no
ac_cv_header_inttypes_h=yes
ac_cv_header_malloc_malloc_h=no
ac_cv_header_memory_h=yes
ac_cv_header_selinux_selinux_h=no
ac_cv_header_stdc=yes
ac_cv_header_stdint_h=yes
ac_cv_header_stdlib_h=yes
ac_cv_header_stp_c_interface_h=yes
ac_cv_header_string_h=yes
ac_cv_header_strings_h=yes
ac_cv_header_sys_acl_h=no
ac_cv_header_sys_capability_h=yes
ac_cv_header_sys_stat_h=yes
ac_cv_header_sys_types_h=yes
ac_cv_header_unistd_h=yes
ac_cv_header_zlib_h=yes
ac_cv_host=x86_64-unknown-linux-gnu
ac_cv_lib_cap_cap_get_proc=yes
ac_cv_lib_stp_vc_setInterfaceFlags=no
ac_cv_objext=o
ac_cv_path_EGREP='/bin/grep -E'
ac_cv_path_GREP=/bin/grep
ac_cv_prog_CPP='gcc -E'
ac_cv_prog_CXXCPP='g++ -E'
ac_cv_prog_ac_ct_CC=gcc
ac_cv_prog_ac_ct_CXX=g++
ac_cv_prog_cc_c89=
ac_cv_prog_cc_g=yes
ac_cv_prog_cxx_g=yes
ac_cv_search_deflateEnd=-lz
ac_cv_search_mallinfo='none required'
ac_cv_target=x86_64-unknown-linux-gnu

## ----------------- ##
## Output variables. ##
## ----------------- ##

CC='gcc'
CFLAGS='-g -O2'
CPP='gcc -E'
CPPFLAGS=''
CXX='g++'
CXXCPP='g++ -E'
CXXFLAGS='-g -O2'
DEFS=''
ECHO_C=''
ECHO_N='-n'
ECHO_T=''
EGREP='/bin/grep -E'
ENABLE_METASMT=''
ENABLE_POSIX_RUNTIME='0'
ENABLE_STP='1'
ENABLE_UCLIBC='0'
ENABLE_Z3=''
EXEEXT=''
GREP='/bin/grep'
HAVE_SELINUX='0'
HAVE_TCMALLOC='0'
HAVE_ZLIB='1'
KLEE_BITCODE_CXX_COMPILER='/home/david/tau/llvm-3.4.obj/Release+Asserts/bin/clang++'
KLEE_BITCODE_C_COMPILER='/home/david/tau/llvm-3.4.obj/Release+Asserts/bin/clang'
KLEE_HOST_CXX_COMPILER='g++'
KLEE_HOST_C_COMPILER='gcc'
KLEE_UCLIBC_BCA=''
KLEE_USE_CXX11='0'
LDFLAGS=''
LIBOBJS=''
LIBS='-lz '
LLVM_BUILD_MODE='Release+Asserts'
LLVM_IS_RELEASE='1'
LLVM_OBJ='/home/david/tau/llvm-3.4.obj'
LLVM_SRC='/home/david/tau/llvm-3.4.src'
LLVM_VERSION_MAJOR='3'
LLVM_VERSION_MINOR='4'
LTLIBOBJS=''
METASMT_DEFAULT_BACKEND=''
METASMT_ROOT=''
OBJEXT='o'
PACKAGE_BUGREPORT='klee-dev@imperial.ac.uk'
PACKAGE_NAME='KLEE'
PACKAGE_STRING='KLEE 1.3.0'
PACKAGE_TARNAME='klee-'
PACKAGE_URL='https://klee.github.io'
PACKAGE_VERSION='1.3.0'
PATH_SEPARATOR=':'
REQUIRES_RTTI='0'
RUNTIME_CONFIGURATION=''
RUNTIME_DEBUG_SYMBOLS=''
RUNTIME_DISABLE_ASSERTIONS='0'
RUNTIME_ENABLE_OPTIMIZED='1'
SHELL='/bin/bash'
STP_CFLAGS='-I/home/david/tau/klee/stp-master/build/include'
STP_LDFLAGS='-L/home/david/tau/klee/stp-master/build/lib'
TCMALLOC_LIB=''
Z3_CFLAGS=''
Z3_LDFLAGS=''
ZLIB_LIB=''
ac_ct_CC='gcc'
ac_ct_CXX='g++'
bindir='${exec_prefix}/bin'
build='x86_64-unknown-linux-gnu'
build_alias=''
build_cpu='x86_64'
build_os='linux-gnu'
build_vendor='unknown'
clang=''
clang_cxx=''
datadir='${datarootdir}'
datarootdir='${prefix}/share'
docdir='${datarootdir}/doc/${PACKAGE_TARNAME}'
dvidir='${docdir}'
exec_prefix='NONE'
host='x86_64-unknown-linux-gnu'
host_alias=''
host_cpu='x86_64'
host_os='linux-gnu'
host_vendor='unknown'
htmldir='${docdir}'
includedir='${prefix}/include'
infodir='${datarootdir}/info'
libdir='${exec_prefix}/lib'
libexecdir='${exec_prefix}/libexec'
llvm_gcc=''
llvm_gxx=''
localedir='${datarootdir}/locale'
localstatedir='${prefix}/var'
mandir='${datarootdir}/man'
oldincludedir='/usr/include'
pdfdir='${docdir}'
prefix='NONE'
program_transform_name='s,x,x,'
psdir='${docdir}'
sbindir='${exec_prefix}/sbin'
sharedstatedir='${prefix}/com'
sysconfdir='${prefix}/etc'
target='x86_64-unknown-linux-gnu'
target_alias=''
target_cpu='x86_64'
target_os='linux-gnu'
target_vendor='unknown'

## ----------- ##
## confdefs.h. ##
## ----------- ##

/* confdefs.h */
#define PACKAGE_NAME "KLEE"
#define PACKAGE_TARNAME "klee-"
#define PACKAGE_VERSION "1.3.0"
#define PACKAGE_STRING "KLEE 1.3.0"
#define PACKAGE_BUGREPORT "klee-dev@imperial.ac.uk"
#define PACKAGE_URL "https://klee.github.io"
#define LLVM_VERSION_MAJOR 3
#define LLVM_VERSION_MINOR 4
#define LLVM_IS_RELEASE 1
#define ENABLE_KLEE_DEBUG 1
#define RUNTIME_CONFIGURATION "Release+Asserts"
#define HAVE_CTYPE_EXTERNALS 1
#define STDC_HEADERS 1
#define HAVE_SYS_TYPES_H 1
#define HAVE_SYS_STAT_H 1
#define HAVE_STDLIB_H 1
#define HAVE_STRING_H 1
#define HAVE_MEMORY_H 1
#define HAVE_STRINGS_H 1
#define HAVE_INTTYPES_H 1
#define HAVE_STDINT_H 1
#define HAVE_UNISTD_H 1
#define HAVE_SYS_CAPABILITY_H 1
#define HAVE_MALLINFO 1
#define HAVE_ZLIB_H 1

configure: exit 1
